PRT1
9
12
30
4 0 3 0 (1024 1168 16 ) (1024 1024 16 ) (1024 1024 432 ) (1024 1168 432 ) 
4 0 1 0 (1024 1024 432 ) (1024 1024 16 ) (1520 1024 16 ) (1520 1024 432 ) 
4 1 4 0 (1024 0 16 ) (1024 0 432 ) (1024 1024 432 ) (1024 1024 16 ) 
4 1 2 0 (1024 0 432 ) (1024 0 16 ) (1520 0 16 ) (1520 0 432 ) 
4 2 5 0 (1024 -592 16 ) (1024 -592 432 ) (1024 0 432 ) (1024 0 16 ) 
4 3 6 0 (0 1024 16 ) (0 1024 432 ) (0 1168 432 ) (0 1168 16 ) 
4 3 4 0 (0 1024 432 ) (0 1024 16 ) (1024 1024 16 ) (1024 1024 432 ) 
4 4 7 0 (0 0 16 ) (0 0 432 ) (0 1024 432 ) (0 1024 16 ) 
4 4 5 0 (0 0 432 ) (0 0 16 ) (1024 0 16 ) (1024 0 432 ) 
4 5 8 0 (0 -592 16 ) (0 -592 432 ) (0 0 432 ) (0 0 16 ) 
4 6 7 0 (0 1024 16 ) (0 1024 432 ) (-592 1024 432 ) (-592 1024 16 ) 
4 7 8 0 (0 0 16 ) (0 0 432 ) (-592 0 432 ) (-592 0 16 ) 
4 0 (1520 1168 432 ) (1024 1168 432 ) (1024 1024 432 ) (1520 1024 432 ) 
4 0 (1520 1024 16 ) (1024 1024 16 ) (1024 1168 16 ) (1520 1168 16 ) 
4 0 (1520 1168 432 ) (1520 1168 16 ) (1024 1168 16 ) (1024 1168 432 ) 
4 0 (1520 1024 16 ) (1520 1168 16 ) (1520 1168 432 ) (1520 1024 432 ) 
4 1 (1520 0 432 ) (1520 0 16 ) (1520 1024 16 ) (1520 1024 432 ) 
4 1 (1520 0 16 ) (1024 0 16 ) (1024 1024 16 ) (1520 1024 16 ) 
4 1 (1024 0 432 ) (1520 0 432 ) (1520 1024 432 ) (1024 1024 432 ) 
4 2 (1520 -592 432 ) (1520 -592 16 ) (1520 0 16 ) (1520 0 432 ) 
4 2 (1024 -592 432 ) (1024 -592 16 ) (1520 -592 16 ) (1520 -592 432 ) 
4 2 (1520 -592 16 ) (1024 -592 16 ) (1024 0 16 ) (1520 0 16 ) 
4 2 (1024 -592 432 ) (1520 -592 432 ) (1520 0 432 ) (1024 0 432 ) 
4 3 (1024 1168 432 ) (1024 1168 16 ) (0 1168 16 ) (0 1168 432 ) 
4 3 (1024 1024 16 ) (0 1024 16 ) (0 1168 16 ) (1024 1168 16 ) 
4 3 (1024 1168 432 ) (0 1168 432 ) (0 1024 432 ) (1024 1024 432 ) 
4 4 (1024 0 16 ) (0 0 16 ) (0 1024 16 ) (1024 1024 16 ) 
4 4 (1024 1024 432 ) (0 1024 432 ) (0 0 432 ) (1024 0 432 ) 
4 5 (1024 -592 16 ) (0 -592 16 ) (0 0 16 ) (1024 0 16 ) 
4 5 (0 -592 432 ) (0 -592 16 ) (1024 -592 16 ) (1024 -592 432 ) 
4 5 (1024 0 432 ) (0 0 432 ) (0 -592 432 ) (1024 -592 432 ) 
4 6 (-592 1168 432 ) (-592 1168 16 ) (-592 1024 16 ) (-592 1024 432 ) 
4 6 (-592 1168 432 ) (0 1168 432 ) (0 1168 16 ) (-592 1168 16 ) 
4 6 (0 1024 16 ) (-592 1024 16 ) (-592 1168 16 ) (0 1168 16 ) 
4 6 (0 1168 432 ) (-592 1168 432 ) (-592 1024 432 ) (0 1024 432 ) 
4 7 (0 0 16 ) (-592 0 16 ) (-592 1024 16 ) (0 1024 16 ) 
4 7 (-592 1024 432 ) (-592 1024 16 ) (-592 0 16 ) (-592 0 432 ) 
4 7 (0 1024 432 ) (-592 1024 432 ) (-592 0 432 ) (0 0 432 ) 
4 8 (0 0 432 ) (-592 0 432 ) (-592 -592 432 ) (0 -592 432 ) 
4 8 (-592 0 16 ) (0 0 16 ) (0 -592 16 ) (-592 -592 16 ) 
4 8 (-592 -592 16 ) (0 -592 16 ) (0 -592 432 ) (-592 -592 432 ) 
4 8 (-592 0 16 ) (-592 -592 16 ) (-592 -592 432 ) (-592 0 432 ) 
