PRT1
88
183
242
4 0 44 0 (0 4096 1024 ) (0 4096 1328 ) (0 4656 1328 ) (0 4656 1024 ) 
4 0 10 0 (0 4096 1328 ) (0 4096 1024 ) (1008 4096 1024 ) (1008 4096 1328 ) 
4 0 1 0 (1008 4096 1024 ) (0 4096 1024 ) (0 4656 1024 ) (1008 4656 1024 ) 
4 1 45 0 (0 4096 176 ) (0 4096 1024 ) (0 4656 1024 ) (0 4656 176 ) 
4 1 11 0 (736 4096 176 ) (1008 4096 176 ) (1008 4096 1024 ) (736 4096 1024 ) 
4 1 13 0 (0 4096 1024 ) (0 4096 176 ) (736 4096 176 ) (736 4096 1024 ) 
4 1 5 0 (736 4096 176 ) (0 4096 176 ) (0 4112 176 ) (736 4112 176 ) 
4 1 4 0 (1008 4096 176 ) (752 4096 176 ) (752 4112 176 ) (1008 4112 176 ) 
4 1 3 0 (0 4128 176 ) (0 4656 176 ) (736 4656 176 ) (736 4128 176 ) 
4 1 2 0 (752 4656 176 ) (1008 4656 176 ) (1008 4128 176 ) (752 4128 176 ) 
4 2 6 0 (752 4656 0 ) (1008 4656 0 ) (1008 4128 0 ) (752 4128 0 ) 
4 3 46 0 (0 4128 176 ) (0 4656 176 ) (0 4656 0 ) (0 4128 0 ) 
4 3 8 0 (0 4128 0 ) (0 4656 0 ) (736 4656 0 ) (736 4128 0 ) 
4 4 12 0 (752 4096 0 ) (1008 4096 0 ) (1008 4096 176 ) (752 4096 176 ) 
4 4 7 0 (1008 4096 0 ) (752 4096 0 ) (752 4112 0 ) (1008 4112 0 ) 
4 5 47 0 (0 4096 0 ) (0 4096 176 ) (0 4112 176 ) (0 4112 0 ) 
4 5 13 0 (0 4096 176 ) (0 4096 0 ) (736 4096 0 ) (736 4096 176 ) 
4 5 9 0 (736 4096 0 ) (0 4096 0 ) (0 4112 0 ) (736 4112 0 ) 
4 7 14 0 (752 4096 -48 ) (1008 4096 -48 ) (1008 4096 0 ) (752 4096 0 ) 
4 8 50 0 (0 4128 0 ) (0 4656 0 ) (0 4656 -48 ) (0 4128 -48 ) 
4 9 52 0 (0 4096 -48 ) (0 4096 0 ) (0 4112 0 ) (0 4112 -48 ) 
4 9 15 0 (0 4096 0 ) (0 4096 -48 ) (736 4096 -48 ) (736 4096 0 ) 
4 10 54 0 (0 3072 1024 ) (0 3072 1328 ) (0 4096 1328 ) (0 4096 1024 ) 
4 10 16 0 (0 3072 1328 ) (0 3072 1024 ) (1008 3072 1024 ) (1008 3072 1328 ) 
4 10 11 0 (1008 3072 1024 ) (736 3072 1024 ) (736 4096 1024 ) (1008 4096 1024 ) 
4 10 13 0 (736 3072 1024 ) (0 3072 1024 ) (0 4096 1024 ) (736 4096 1024 ) 
4 11 18 0 (752 3072 1024 ) (736 3072 1024 ) (736 3072 176 ) (752 3072 176 ) 
4 11 17 0 (1008 3072 176 ) (1008 3072 1024 ) (752 3072 1024 ) (752 3072 176 ) 
4 11 12 0 (752 4096 176 ) (1008 4096 176 ) (1008 3072 176 ) (752 3072 176 ) 
4 11 13 0 (736 3072 176 ) (736 3072 1024 ) (736 4096 1024 ) (736 4096 176 ) 
4 12 17 0 (752 3072 0 ) (1008 3072 0 ) (1008 3072 176 ) (752 3072 176 ) 
4 12 14 0 (1008 3072 0 ) (752 3072 0 ) (752 4096 0 ) (1008 4096 0 ) 
4 13 56 0 (0 3072 0 ) (0 3072 176 ) (0 4096 176 ) (0 4096 0 ) 
4 13 55 0 (0 3072 176 ) (0 3072 1024 ) (0 4096 1024 ) (0 4096 176 ) 
4 13 19 0 (0 3072 1024 ) (0 3072 0 ) (736 3072 0 ) (736 3072 1024 ) 
4 13 15 0 (736 3072 0 ) (0 3072 0 ) (0 4096 0 ) (736 4096 0 ) 
4 14 20 0 (752 3072 -48 ) (1008 3072 -48 ) (1008 3072 0 ) (752 3072 0 ) 
4 15 58 0 (0 3072 -48 ) (0 3072 0 ) (0 4096 0 ) (0 4096 -48 ) 
4 15 21 0 (0 3072 0 ) (0 3072 -48 ) (736 3072 -48 ) (736 3072 0 ) 
4 16 60 0 (0 2048 1024 ) (0 2048 1328 ) (0 3072 1328 ) (0 3072 1024 ) 
4 16 22 0 (0 2048 1328 ) (0 2048 1024 ) (1008 2048 1024 ) (1008 2048 1328 ) 
4 16 18 0 (752 2048 1024 ) (736 2048 1024 ) (736 3072 1024 ) (752 3072 1024 ) 
4 16 17 0 (1008 2048 1024 ) (752 2048 1024 ) (752 3072 1024 ) (1008 3072 1024 ) 
4 16 19 0 (736 2048 1024 ) (0 2048 1024 ) (0 3072 1024 ) (736 3072 1024 ) 
4 17 24 0 (752 2048 0 ) (1008 2048 0 ) (1008 2048 176 ) (752 2048 176 ) 
4 17 23 0 (1008 2048 176 ) (1008 2048 1024 ) (752 2048 1024 ) (752 2048 176 ) 
4 17 20 0 (1008 2048 0 ) (752 2048 0 ) (752 3072 0 ) (1008 3072 0 ) 
4 17 18 0 (752 2048 176 ) (752 2048 1024 ) (752 3072 1024 ) (752 3072 176 ) 
4 18 23 0 (752 2048 176 ) (752 2048 1024 ) (736 2048 1024 ) (736 2048 176 ) 
4 18 19 0 (736 2048 176 ) (736 2048 1024 ) (736 3072 1024 ) (736 3072 176 ) 
4 19 62 0 (0 2048 0 ) (0 2048 176 ) (0 3072 176 ) (0 3072 0 ) 
4 19 61 0 (0 2048 176 ) (0 2048 1024 ) (0 3072 1024 ) (0 3072 176 ) 
4 19 25 0 (0 2048 1024 ) (0 2048 0 ) (736 2048 0 ) (736 2048 1024 ) 
4 19 21 0 (736 2048 0 ) (0 2048 0 ) (0 3072 0 ) (736 3072 0 ) 
4 20 26 0 (752 2048 -48 ) (1008 2048 -48 ) (1008 2048 0 ) (752 2048 0 ) 
4 21 64 0 (0 2048 -48 ) (0 2048 0 ) (0 3072 0 ) (0 3072 -48 ) 
4 21 27 0 (0 2048 0 ) (0 2048 -48 ) (736 2048 -48 ) (736 2048 0 ) 
4 22 66 0 (0 1024 1024 ) (0 1024 1328 ) (0 2048 1328 ) (0 2048 1024 ) 
4 22 28 0 (0 1024 1328 ) (0 1024 1024 ) (1008 1024 1024 ) (1008 1024 1328 ) 
4 22 23 0 (1008 1024 1024 ) (736 1024 1024 ) (736 2048 1024 ) (1008 2048 1024 ) 
4 22 25 0 (736 1024 1024 ) (0 1024 1024 ) (0 2048 1024 ) (736 2048 1024 ) 
4 23 29 0 (1008 1024 176 ) (1008 1024 1024 ) (736 1024 1024 ) (736 1024 176 ) 
4 23 24 0 (752 2048 176 ) (1008 2048 176 ) (1008 1024 176 ) (752 1024 176 ) 
4 23 25 0 (736 1024 176 ) (736 1024 1024 ) (736 2048 1024 ) (736 2048 176 ) 
4 24 30 0 (752 1024 0 ) (1008 1024 0 ) (1008 1024 176 ) (752 1024 176 ) 
4 24 26 0 (1008 1024 0 ) (752 1024 0 ) (752 2048 0 ) (1008 2048 0 ) 
4 25 68 0 (0 1024 0 ) (0 1024 176 ) (0 2048 176 ) (0 2048 0 ) 
4 25 67 0 (0 1024 176 ) (0 1024 1024 ) (0 2048 1024 ) (0 2048 176 ) 
4 25 32 0 (0 1024 176 ) (0 1024 0 ) (736 1024 0 ) (736 1024 176 ) 
4 25 29 0 (0 1024 1024 ) (0 1024 176 ) (736 1024 176 ) (736 1024 1024 ) 
4 25 27 0 (736 1024 0 ) (0 1024 0 ) (0 2048 0 ) (736 2048 0 ) 
4 26 34 0 (752 1024 -48 ) (1008 1024 -48 ) (1008 1024 0 ) (752 1024 0 ) 
4 27 70 0 (0 1024 -48 ) (0 1024 0 ) (0 2048 0 ) (0 2048 -48 ) 
4 27 35 0 (0 1024 0 ) (0 1024 -48 ) (736 1024 -48 ) (736 1024 0 ) 
4 28 72 0 (0 0 1024 ) (0 0 1328 ) (0 1024 1328 ) (0 1024 1024 ) 
4 28 38 0 (0 0 1328 ) (0 0 1024 ) (1008 0 1024 ) (1008 0 1328 ) 
4 28 29 0 (1008 0 1024 ) (0 0 1024 ) (0 1024 1024 ) (1008 1024 1024 ) 
4 29 73 0 (0 0 176 ) (0 0 1024 ) (0 1024 1024 ) (0 1024 176 ) 
4 29 40 0 (736 0 176 ) (752 0 176 ) (752 0 1024 ) (736 0 1024 ) 
4 29 39 0 (752 0 176 ) (1008 0 176 ) (1008 0 1024 ) (752 0 1024 ) 
4 29 41 0 (0 0 1024 ) (0 0 176 ) (736 0 176 ) (736 0 1024 ) 
4 29 33 0 (736 0 176 ) (0 0 176 ) (0 272 176 ) (736 272 176 ) 
4 29 32 0 (0 288 176 ) (0 1024 176 ) (736 1024 176 ) (736 288 176 ) 
4 29 31 0 (1008 0 176 ) (752 0 176 ) (752 272 176 ) (1008 272 176 ) 
4 29 30 0 (752 1024 176 ) (1008 1024 176 ) (1008 288 176 ) (752 288 176 ) 
4 30 34 0 (752 1024 0 ) (1008 1024 0 ) (1008 288 0 ) (752 288 0 ) 
4 31 39 0 (752 0 0 ) (1008 0 0 ) (1008 0 176 ) (752 0 176 ) 
4 31 36 0 (1008 0 0 ) (752 0 0 ) (752 272 0 ) (1008 272 0 ) 
4 32 74 0 (0 288 176 ) (0 1024 176 ) (0 1024 0 ) (0 288 0 ) 
4 32 35 0 (0 288 0 ) (0 1024 0 ) (736 1024 0 ) (736 288 0 ) 
4 33 75 0 (0 0 0 ) (0 0 176 ) (0 272 176 ) (0 272 0 ) 
4 33 41 0 (0 0 176 ) (0 0 0 ) (736 0 0 ) (736 0 176 ) 
4 33 37 0 (736 0 0 ) (0 0 0 ) (0 272 0 ) (736 272 0 ) 
4 35 78 0 (0 288 0 ) (0 1024 0 ) (0 1024 -48 ) (0 288 -48 ) 
4 36 42 0 (752 0 -48 ) (1008 0 -48 ) (1008 0 0 ) (752 0 0 ) 
4 37 80 0 (0 0 -48 ) (0 0 0 ) (0 272 0 ) (0 272 -48 ) 
4 37 43 0 (0 0 0 ) (0 0 -48 ) (736 0 -48 ) (736 0 0 ) 
4 38 82 0 (0 0 1328 ) (0 0 1024 ) (0 -192 1024 ) (0 -192 1328 ) 
4 38 40 0 (736 0 1024 ) (752 0 1024 ) (752 -192 1024 ) (736 -192 1024 ) 
4 38 39 0 (752 0 1024 ) (1008 0 1024 ) (1008 -192 1024 ) (752 -192 1024 ) 
4 38 41 0 (0 -192 1024 ) (0 0 1024 ) (736 0 1024 ) (736 -192 1024 ) 
4 39 42 0 (752 0 0 ) (1008 0 0 ) (1008 -192 0 ) (752 -192 0 ) 
4 39 40 0 (752 -192 176 ) (752 -192 1024 ) (752 0 1024 ) (752 0 176 ) 
4 40 41 0 (736 -192 176 ) (736 -192 1024 ) (736 0 1024 ) (736 0 176 ) 
4 41 84 0 (0 0 176 ) (0 0 0 ) (0 -192 0 ) (0 -192 176 ) 
4 41 83 0 (0 -192 1024 ) (0 0 1024 ) (0 0 176 ) (0 -192 176 ) 
4 41 43 0 (0 -192 0 ) (0 0 0 ) (736 0 0 ) (736 -192 0 ) 
4 43 86 0 (0 -192 0 ) (0 0 0 ) (0 0 -48 ) (0 -192 -48 ) 
4 44 54 0 (-496 4096 1024 ) (0 4096 1024 ) (0 4096 1328 ) (-496 4096 1328 ) 
4 44 45 0 (0 4096 1024 ) (-496 4096 1024 ) (-496 4656 1024 ) (0 4656 1024 ) 
4 45 55 0 (-352 4096 176 ) (0 4096 176 ) (0 4096 1024 ) (-352 4096 1024 ) 
4 45 57 0 (-496 4096 176 ) (-352 4096 176 ) (-352 4096 1024 ) (-496 4096 1024 ) 
4 45 49 0 (-352 4096 176 ) (-496 4096 176 ) (-496 4112 176 ) (-352 4112 176 ) 
4 45 48 0 (-496 4128 176 ) (-496 4656 176 ) (-352 4656 176 ) (-352 4128 176 ) 
4 45 47 0 (0 4096 176 ) (-336 4096 176 ) (-336 4112 176 ) (0 4112 176 ) 
4 45 46 0 (-336 4656 176 ) (0 4656 176 ) (0 4128 176 ) (-336 4128 176 ) 
4 46 50 0 (-336 4656 0 ) (0 4656 0 ) (0 4128 0 ) (-336 4128 0 ) 
4 47 56 0 (-336 4096 0 ) (0 4096 0 ) (0 4096 176 ) (-336 4096 176 ) 
4 47 52 0 (0 4096 0 ) (-336 4096 0 ) (-336 4112 0 ) (0 4112 0 ) 
4 48 51 0 (-496 4128 0 ) (-496 4656 0 ) (-352 4656 0 ) (-352 4128 0 ) 
4 49 57 0 (-496 4096 0 ) (-352 4096 0 ) (-352 4096 176 ) (-496 4096 176 ) 
4 49 53 0 (-352 4096 0 ) (-496 4096 0 ) (-496 4112 0 ) (-352 4112 0 ) 
4 52 58 0 (-336 4096 -48 ) (0 4096 -48 ) (0 4096 0 ) (-336 4096 0 ) 
4 53 59 0 (-496 4096 -48 ) (-352 4096 -48 ) (-352 4096 0 ) (-496 4096 0 ) 
4 54 60 0 (0 3072 1024 ) (0 3072 1328 ) (-496 3072 1328 ) (-496 3072 1024 ) 
4 54 55 0 (0 3072 1024 ) (-352 3072 1024 ) (-352 4096 1024 ) (0 4096 1024 ) 
4 54 57 0 (-352 3072 1024 ) (-496 3072 1024 ) (-496 4096 1024 ) (-352 4096 1024 ) 
4 55 61 0 (0 3072 176 ) (0 3072 1024 ) (-352 3072 1024 ) (-352 3072 176 ) 
4 55 56 0 (0 3072 176 ) (-336 3072 176 ) (-336 4096 176 ) (0 4096 176 ) 
4 55 57 0 (-352 3072 176 ) (-352 3072 1024 ) (-352 4096 1024 ) (-352 4096 176 ) 
4 56 62 0 (0 3072 0 ) (0 3072 176 ) (-336 3072 176 ) (-336 3072 0 ) 
4 56 58 0 (0 3072 0 ) (-336 3072 0 ) (-336 4096 0 ) (0 4096 0 ) 
4 57 63 0 (-352 3072 1024 ) (-496 3072 1024 ) (-496 3072 0 ) (-352 3072 0 ) 
4 57 59 0 (-352 3072 0 ) (-496 3072 0 ) (-496 4096 0 ) (-352 4096 0 ) 
4 58 64 0 (0 3072 -48 ) (0 3072 0 ) (-336 3072 0 ) (-336 3072 -48 ) 
4 59 65 0 (-352 3072 0 ) (-496 3072 0 ) (-496 3072 -48 ) (-352 3072 -48 ) 
4 60 66 0 (-496 2048 1024 ) (0 2048 1024 ) (0 2048 1328 ) (-496 2048 1328 ) 
4 60 63 0 (-352 2048 1024 ) (-496 2048 1024 ) (-496 3072 1024 ) (-352 3072 1024 ) 
4 60 61 0 (0 2048 1024 ) (-352 2048 1024 ) (-352 3072 1024 ) (0 3072 1024 ) 
4 61 67 0 (0 2048 176 ) (0 2048 1024 ) (-352 2048 1024 ) (-352 2048 176 ) 
4 61 63 0 (-352 2048 176 ) (-352 2048 1024 ) (-352 3072 1024 ) (-352 3072 176 ) 
4 61 62 0 (0 2048 176 ) (-336 2048 176 ) (-336 3072 176 ) (0 3072 176 ) 
4 62 68 0 (-336 2048 0 ) (0 2048 0 ) (0 2048 176 ) (-336 2048 176 ) 
4 62 64 0 (0 2048 0 ) (-336 2048 0 ) (-336 3072 0 ) (0 3072 0 ) 
4 63 69 0 (-496 2048 0 ) (-352 2048 0 ) (-352 2048 1024 ) (-496 2048 1024 ) 
4 63 65 0 (-352 2048 0 ) (-496 2048 0 ) (-496 3072 0 ) (-352 3072 0 ) 
4 64 70 0 (-336 2048 -48 ) (0 2048 -48 ) (0 2048 0 ) (-336 2048 0 ) 
4 65 71 0 (-496 2048 -48 ) (-352 2048 -48 ) (-352 2048 0 ) (-496 2048 0 ) 
4 66 72 0 (0 1024 1024 ) (0 1024 1328 ) (-496 1024 1328 ) (-496 1024 1024 ) 
4 66 67 0 (0 1024 1024 ) (-352 1024 1024 ) (-352 2048 1024 ) (0 2048 1024 ) 
4 66 69 0 (-352 1024 1024 ) (-496 1024 1024 ) (-496 2048 1024 ) (-352 2048 1024 ) 
4 67 73 0 (0 1024 176 ) (0 1024 1024 ) (-352 1024 1024 ) (-352 1024 176 ) 
4 67 68 0 (0 1024 176 ) (-336 1024 176 ) (-336 2048 176 ) (0 2048 176 ) 
4 67 69 0 (-352 1024 176 ) (-352 1024 1024 ) (-352 2048 1024 ) (-352 2048 176 ) 
4 68 74 0 (0 1024 0 ) (0 1024 176 ) (-336 1024 176 ) (-336 1024 0 ) 
4 68 70 0 (0 1024 0 ) (-336 1024 0 ) (-336 2048 0 ) (0 2048 0 ) 
4 69 76 0 (-496 1024 176 ) (-496 1024 0 ) (-352 1024 0 ) (-352 1024 176 ) 
4 69 73 0 (-352 1024 1024 ) (-496 1024 1024 ) (-496 1024 176 ) (-352 1024 176 ) 
4 69 71 0 (-352 1024 0 ) (-496 1024 0 ) (-496 2048 0 ) (-352 2048 0 ) 
4 70 78 0 (0 1024 -48 ) (0 1024 0 ) (-336 1024 0 ) (-336 1024 -48 ) 
4 71 79 0 (-352 1024 0 ) (-496 1024 0 ) (-496 1024 -48 ) (-352 1024 -48 ) 
4 72 82 0 (-496 0 1024 ) (0 0 1024 ) (0 0 1328 ) (-496 0 1328 ) 
4 72 73 0 (0 0 1024 ) (-496 0 1024 ) (-496 1024 1024 ) (0 1024 1024 ) 
4 73 85 0 (-496 0 176 ) (-352 0 176 ) (-352 0 1024 ) (-496 0 1024 ) 
4 73 83 0 (-352 0 176 ) (0 0 176 ) (0 0 1024 ) (-352 0 1024 ) 
4 73 77 0 (-352 0 176 ) (-496 0 176 ) (-496 272 176 ) (-352 272 176 ) 
4 73 76 0 (-496 288 176 ) (-496 1024 176 ) (-352 1024 176 ) (-352 288 176 ) 
4 73 75 0 (0 0 176 ) (-336 0 176 ) (-336 272 176 ) (0 272 176 ) 
4 73 74 0 (-336 1024 176 ) (0 1024 176 ) (0 288 176 ) (-336 288 176 ) 
4 74 78 0 (-336 1024 0 ) (0 1024 0 ) (0 288 0 ) (-336 288 0 ) 
4 75 84 0 (-336 0 0 ) (0 0 0 ) (0 0 176 ) (-336 0 176 ) 
4 75 80 0 (0 0 0 ) (-336 0 0 ) (-336 272 0 ) (0 272 0 ) 
4 76 79 0 (-496 288 0 ) (-496 1024 0 ) (-352 1024 0 ) (-352 288 0 ) 
4 77 85 0 (-496 0 0 ) (-352 0 0 ) (-352 0 176 ) (-496 0 176 ) 
4 77 81 0 (-352 0 0 ) (-496 0 0 ) (-496 272 0 ) (-352 272 0 ) 
4 80 86 0 (-336 0 -48 ) (0 0 -48 ) (0 0 0 ) (-336 0 0 ) 
4 81 87 0 (-496 0 -48 ) (-352 0 -48 ) (-352 0 0 ) (-496 0 0 ) 
4 82 85 0 (-496 0 1024 ) (-352 0 1024 ) (-352 -192 1024 ) (-496 -192 1024 ) 
4 82 83 0 (-352 0 1024 ) (0 0 1024 ) (0 -192 1024 ) (-352 -192 1024 ) 
4 83 85 0 (-352 -192 176 ) (-352 -192 1024 ) (-352 0 1024 ) (-352 0 176 ) 
4 83 84 0 (0 -192 176 ) (-336 -192 176 ) (-336 0 176 ) (0 0 176 ) 
4 84 86 0 (-336 0 0 ) (0 0 0 ) (0 -192 0 ) (-336 -192 0 ) 
4 85 87 0 (-496 0 0 ) (-352 0 0 ) (-352 -192 0 ) (-496 -192 0 ) 
4 0 (1008 4656 1328 ) (0 4656 1328 ) (0 4096 1328 ) (1008 4096 1328 ) 
4 0 (1008 4656 1328 ) (1008 4656 1024 ) (0 4656 1024 ) (0 4656 1328 ) 
4 0 (1008 4096 1024 ) (1008 4656 1024 ) (1008 4656 1328 ) (1008 4096 1328 ) 
4 1 (752 4096 176 ) (736 4096 176 ) (736 4112 176 ) (752 4112 176 ) 
4 1 (0 4112 176 ) (0 4128 176 ) (736 4128 176 ) (736 4112 176 ) 
4 1 (736 4128 176 ) (752 4128 176 ) (752 4112 176 ) (736 4112 176 ) 
4 1 (736 4656 176 ) (752 4656 176 ) (752 4128 176 ) (736 4128 176 ) 
4 1 (1008 4128 176 ) (1008 4112 176 ) (752 4112 176 ) (752 4128 176 ) 
4 1 (1008 4656 176 ) (0 4656 176 ) (0 4656 1024 ) (1008 4656 1024 ) 
4 1 (1008 4096 1024 ) (1008 4096 176 ) (1008 4656 176 ) (1008 4656 1024 ) 
4 2 (752 4128 176 ) (752 4656 176 ) (752 4656 0 ) (752 4128 0 ) 
4 2 (1008 4128 0 ) (1008 4656 0 ) (1008 4656 176 ) (1008 4128 176 ) 
4 2 (752 4656 176 ) (1008 4656 176 ) (1008 4656 0 ) (752 4656 0 ) 
4 2 (752 4128 176 ) (752 4128 0 ) (1008 4128 0 ) (1008 4128 176 ) 
4 3 (0 4128 0 ) (736 4128 0 ) (736 4128 176 ) (0 4128 176 ) 
4 3 (0 4656 176 ) (736 4656 176 ) (736 4656 0 ) (0 4656 0 ) 
4 3 (736 4656 0 ) (736 4656 176 ) (736 4128 176 ) (736 4128 0 ) 
4 4 (752 4112 176 ) (752 4112 0 ) (752 4096 0 ) (752 4096 176 ) 
4 4 (1008 4096 0 ) (1008 4112 0 ) (1008 4112 176 ) (1008 4096 176 ) 
4 4 (752 4112 176 ) (1008 4112 176 ) (1008 4112 0 ) (752 4112 0 ) 
4 5 (0 4112 176 ) (736 4112 176 ) (736 4112 0 ) (0 4112 0 ) 
4 5 (736 4096 176 ) (736 4096 0 ) (736 4112 0 ) (736 4112 176 ) 
4 6 (752 4656 0 ) (752 4656 -48 ) (752 4128 -48 ) (752 4128 0 ) 
4 6 (1008 4128 0 ) (1008 4128 -48 ) (1008 4656 -48 ) (1008 4656 0 ) 
4 6 (752 4128 -48 ) (752 4656 -48 ) (1008 4656 -48 ) (1008 4128 -48 ) 
4 6 (752 4656 0 ) (1008 4656 0 ) (1008 4656 -48 ) (752 4656 -48 ) 
4 6 (752 4128 0 ) (752 4128 -48 ) (1008 4128 -48 ) (1008 4128 0 ) 
4 7 (752 4112 -48 ) (752 4096 -48 ) (752 4096 0 ) (752 4112 0 ) 
4 7 (1008 4112 0 ) (1008 4112 -48 ) (752 4112 -48 ) (752 4112 0 ) 
4 7 (1008 4096 -48 ) (752 4096 -48 ) (752 4112 -48 ) (1008 4112 -48 ) 
4 7 (1008 4112 0 ) (1008 4096 0 ) (1008 4096 -48 ) (1008 4112 -48 ) 
4 8 (0 4656 0 ) (736 4656 0 ) (736 4656 -48 ) (0 4656 -48 ) 
4 8 (0 4128 -48 ) (0 4656 -48 ) (736 4656 -48 ) (736 4128 -48 ) 
4 8 (736 4128 0 ) (736 4128 -48 ) (736 4656 -48 ) (736 4656 0 ) 
4 8 (0 4128 -48 ) (736 4128 -48 ) (736 4128 0 ) (0 4128 0 ) 
4 9 (736 4096 -48 ) (0 4096 -48 ) (0 4112 -48 ) (736 4112 -48 ) 
4 9 (0 4112 0 ) (736 4112 0 ) (736 4112 -48 ) (0 4112 -48 ) 
4 9 (736 4096 0 ) (736 4096 -48 ) (736 4112 -48 ) (736 4112 0 ) 
4 10 (1008 3072 1328 ) (1008 3072 1024 ) (1008 4096 1024 ) (1008 4096 1328 ) 
4 10 (0 3072 1328 ) (1008 3072 1328 ) (1008 4096 1328 ) (0 4096 1328 ) 
4 11 (736 3072 176 ) (736 4096 176 ) (752 4096 176 ) (752 3072 176 ) 
4 11 (1008 4096 176 ) (1008 4096 1024 ) (1008 3072 1024 ) (1008 3072 176 ) 
4 12 (1008 4096 176 ) (1008 3072 176 ) (1008 3072 0 ) (1008 4096 0 ) 
4 12 (752 4096 0 ) (752 3072 0 ) (752 3072 176 ) (752 4096 176 ) 
4 13 (736 4096 176 ) (736 3072 176 ) (736 3072 0 ) (736 4096 0 ) 
4 14 (1008 3072 -48 ) (752 3072 -48 ) (752 4096 -48 ) (1008 4096 -48 ) 
4 14 (1008 4096 0 ) (1008 3072 0 ) (1008 3072 -48 ) (1008 4096 -48 ) 
4 14 (752 4096 -48 ) (752 3072 -48 ) (752 3072 0 ) (752 4096 0 ) 
4 15 (736 4096 0 ) (736 3072 0 ) (736 3072 -48 ) (736 4096 -48 ) 
4 15 (736 3072 -48 ) (0 3072 -48 ) (0 4096 -48 ) (736 4096 -48 ) 
4 16 (1008 3072 1328 ) (0 3072 1328 ) (0 2048 1328 ) (1008 2048 1328 ) 
4 16 (1008 3072 1328 ) (1008 2048 1328 ) (1008 2048 1024 ) (1008 3072 1024 ) 
4 17 (752 3072 0 ) (752 2048 0 ) (752 2048 176 ) (752 3072 176 ) 
4 17 (1008 3072 1024 ) (1008 2048 1024 ) (1008 2048 0 ) (1008 3072 0 ) 
4 18 (736 2048 176 ) (736 3072 176 ) (752 3072 176 ) (752 2048 176 ) 
4 19 (736 3072 176 ) (736 2048 176 ) (736 2048 0 ) (736 3072 0 ) 
4 20 (1008 3072 0 ) (1008 2048 0 ) (1008 2048 -48 ) (1008 3072 -48 ) 
4 20 (1008 2048 -48 ) (752 2048 -48 ) (752 3072 -48 ) (1008 3072 -48 ) 
4 20 (752 3072 -48 ) (752 2048 -48 ) (752 2048 0 ) (752 3072 0 ) 
4 21 (736 3072 0 ) (736 2048 0 ) (736 2048 -48 ) (736 3072 -48 ) 
4 21 (736 2048 -48 ) (0 2048 -48 ) (0 3072 -48 ) (736 3072 -48 ) 
4 22 (1008 1024 1328 ) (1008 1024 1024 ) (1008 2048 1024 ) (1008 2048 1328 ) 
4 22 (0 1024 1328 ) (1008 1024 1328 ) (1008 2048 1328 ) (0 2048 1328 ) 
4 23 (736 1024 176 ) (736 2048 176 ) (752 2048 176 ) (752 1024 176 ) 
4 23 (1008 2048 176 ) (1008 2048 1024 ) (1008 1024 1024 ) (1008 1024 176 ) 
4 24 (1008 2048 176 ) (1008 1024 176 ) (1008 1024 0 ) (1008 2048 0 ) 
4 24 (752 2048 0 ) (752 1024 0 ) (752 1024 176 ) (752 2048 176 ) 
4 25 (736 2048 176 ) (736 1024 176 ) (736 1024 0 ) (736 2048 0 ) 
4 26 (1008 1024 -48 ) (752 1024 -48 ) (752 2048 -48 ) (1008 2048 -48 ) 
4 26 (1008 2048 0 ) (1008 1024 0 ) (1008 1024 -48 ) (1008 2048 -48 ) 
4 26 (752 2048 -48 ) (752 1024 -48 ) (752 1024 0 ) (752 2048 0 ) 
4 27 (736 2048 0 ) (736 1024 0 ) (736 1024 -48 ) (736 2048 -48 ) 
4 27 (736 1024 -48 ) (0 1024 -48 ) (0 2048 -48 ) (736 2048 -48 ) 
4 28 (1008 1024 1328 ) (0 1024 1328 ) (0 0 1328 ) (1008 0 1328 ) 
4 28 (1008 1024 1328 ) (1008 0 1328 ) (1008 0 1024 ) (1008 1024 1024 ) 
4 29 (0 272 176 ) (0 288 176 ) (736 288 176 ) (736 272 176 ) 
4 29 (752 0 176 ) (736 0 176 ) (736 272 176 ) (752 272 176 ) 
4 29 (736 272 176 ) (736 288 176 ) (752 288 176 ) (752 272 176 ) 
4 29 (752 272 176 ) (752 288 176 ) (1008 288 176 ) (1008 272 176 ) 
4 29 (736 288 176 ) (736 1024 176 ) (752 1024 176 ) (752 288 176 ) 
4 29 (1008 1024 1024 ) (1008 0 1024 ) (1008 0 176 ) (1008 1024 176 ) 
4 30 (752 288 0 ) (1008 288 0 ) (1008 288 176 ) (752 288 176 ) 
4 30 (1008 1024 176 ) (1008 288 176 ) (1008 288 0 ) (1008 1024 0 ) 
4 30 (752 1024 0 ) (752 288 0 ) (752 288 176 ) (752 1024 176 ) 
4 31 (752 272 0 ) (752 0 0 ) (752 0 176 ) (752 272 176 ) 
4 31 (1008 272 176 ) (1008 0 176 ) (1008 0 0 ) (1008 272 0 ) 
4 31 (1008 272 176 ) (1008 272 0 ) (752 272 0 ) (752 272 176 ) 
4 32 (0 288 0 ) (736 288 0 ) (736 288 176 ) (0 288 176 ) 
4 32 (736 1024 176 ) (736 288 176 ) (736 288 0 ) (736 1024 0 ) 
4 33 (736 272 176 ) (736 0 176 ) (736 0 0 ) (736 272 0 ) 
4 33 (0 272 176 ) (736 272 176 ) (736 272 0 ) (0 272 0 ) 
4 34 (752 288 -48 ) (1008 288 -48 ) (1008 288 0 ) (752 288 0 ) 
4 34 (1008 1024 0 ) (1008 288 0 ) (1008 288 -48 ) (1008 1024 -48 ) 
4 34 (752 1024 -48 ) (1008 1024 -48 ) (1008 288 -48 ) (752 288 -48 ) 
4 34 (752 1024 -48 ) (752 288 -48 ) (752 288 0 ) (752 1024 0 ) 
4 35 (0 288 -48 ) (736 288 -48 ) (736 288 0 ) (0 288 0 ) 
4 35 (736 1024 0 ) (736 288 0 ) (736 288 -48 ) (736 1024 -48 ) 
4 35 (0 288 -48 ) (0 1024 -48 ) (736 1024 -48 ) (736 288 -48 ) 
4 36 (1008 0 -48 ) (752 0 -48 ) (752 272 -48 ) (1008 272 -48 ) 
4 36 (1008 272 0 ) (1008 0 0 ) (1008 0 -48 ) (1008 272 -48 ) 
4 36 (752 272 0 ) (1008 272 0 ) (1008 272 -48 ) (752 272 -48 ) 
4 36 (752 272 0 ) (752 272 -48 ) (752 0 -48 ) (752 0 0 ) 
4 37 (736 0 -48 ) (0 0 -48 ) (0 272 -48 ) (736 272 -48 ) 
4 37 (736 272 0 ) (736 0 0 ) (736 0 -48 ) (736 272 -48 ) 
4 37 (0 272 0 ) (736 272 0 ) (736 272 -48 ) (0 272 -48 ) 
4 38 (1008 0 1328 ) (0 0 1328 ) (0 -192 1328 ) (1008 -192 1328 ) 
4 38 (0 -192 1328 ) (0 -192 1024 ) (1008 -192 1024 ) (1008 -192 1328 ) 
4 38 (1008 0 1328 ) (1008 -192 1328 ) (1008 -192 1024 ) (1008 0 1024 ) 
4 39 (752 0 0 ) (752 -192 0 ) (752 -192 176 ) (752 0 176 ) 
4 39 (1008 0 1024 ) (1008 -192 1024 ) (1008 -192 0 ) (1008 0 0 ) 
4 39 (752 -192 0 ) (1008 -192 0 ) (1008 -192 1024 ) (752 -192 1024 ) 
4 40 (752 -192 176 ) (752 -192 1024 ) (736 -192 1024 ) (736 -192 176 ) 
4 40 (736 -192 176 ) (736 0 176 ) (752 0 176 ) (752 -192 176 ) 
4 41 (736 0 176 ) (736 -192 176 ) (736 -192 0 ) (736 0 0 ) 
4 41 (0 -192 0 ) (736 -192 0 ) (736 -192 1024 ) (0 -192 1024 ) 
4 42 (1008 0 0 ) (1008 -192 0 ) (1008 -192 -48 ) (1008 0 -48 ) 
4 42 (752 -192 -48 ) (1008 -192 -48 ) (1008 -192 0 ) (752 -192 0 ) 
4 42 (752 0 -48 ) (1008 0 -48 ) (1008 -192 -48 ) (752 -192 -48 ) 
4 42 (752 0 -48 ) (752 -192 -48 ) (752 -192 0 ) (752 0 0 ) 
4 43 (736 0 0 ) (736 -192 0 ) (736 -192 -48 ) (736 0 -48 ) 
4 43 (0 -192 -48 ) (736 -192 -48 ) (736 -192 0 ) (0 -192 0 ) 
4 43 (0 -192 -48 ) (0 0 -48 ) (736 0 -48 ) (736 -192 -48 ) 
4 44 (0 4656 1328 ) (-496 4656 1328 ) (-496 4096 1328 ) (0 4096 1328 ) 
4 44 (-496 4656 1328 ) (0 4656 1328 ) (0 4656 1024 ) (-496 4656 1024 ) 
4 44 (-496 4096 1328 ) (-496 4656 1328 ) (-496 4656 1024 ) (-496 4096 1024 ) 
4 45 (-496 4112 176 ) (-496 4128 176 ) (-352 4128 176 ) (-352 4112 176 ) 
4 45 (-336 4096 176 ) (-352 4096 176 ) (-352 4112 176 ) (-336 4112 176 ) 
4 45 (-352 4112 176 ) (-352 4128 176 ) (-336 4128 176 ) (-336 4112 176 ) 
4 45 (-336 4112 176 ) (-336 4128 176 ) (0 4128 176 ) (0 4112 176 ) 
4 45 (-352 4128 176 ) (-352 4656 176 ) (-336 4656 176 ) (-336 4128 176 ) 
4 45 (-496 4656 176 ) (-496 4656 1024 ) (0 4656 1024 ) (0 4656 176 ) 
4 45 (-496 4656 1024 ) (-496 4656 176 ) (-496 4096 176 ) (-496 4096 1024 ) 
4 46 (-336 4128 0 ) (0 4128 0 ) (0 4128 176 ) (-336 4128 176 ) 
4 46 (-336 4656 176 ) (0 4656 176 ) (0 4656 0 ) (-336 4656 0 ) 
4 46 (-336 4128 0 ) (-336 4128 176 ) (-336 4656 176 ) (-336 4656 0 ) 
4 47 (-336 4112 0 ) (-336 4096 0 ) (-336 4096 176 ) (-336 4112 176 ) 
4 47 (0 4112 176 ) (0 4112 0 ) (-336 4112 0 ) (-336 4112 176 ) 
4 48 (-496 4128 176 ) (-496 4128 0 ) (-352 4128 0 ) (-352 4128 176 ) 
4 48 (-496 4656 176 ) (-352 4656 176 ) (-352 4656 0 ) (-496 4656 0 ) 
4 48 (-496 4128 176 ) (-496 4656 176 ) (-496 4656 0 ) (-496 4128 0 ) 
4 48 (-352 4128 0 ) (-352 4656 0 ) (-352 4656 176 ) (-352 4128 176 ) 
4 49 (-352 4096 0 ) (-352 4112 0 ) (-352 4112 176 ) (-352 4096 176 ) 
4 49 (-496 4096 176 ) (-496 4112 176 ) (-496 4112 0 ) (-496 4096 0 ) 
4 49 (-352 4112 176 ) (-352 4112 0 ) (-496 4112 0 ) (-496 4112 176 ) 
4 50 (-336 4128 -48 ) (0 4128 -48 ) (0 4128 0 ) (-336 4128 0 ) 
4 50 (-336 4656 -48 ) (0 4656 -48 ) (0 4128 -48 ) (-336 4128 -48 ) 
4 50 (-336 4656 0 ) (0 4656 0 ) (0 4656 -48 ) (-336 4656 -48 ) 
4 50 (-336 4656 0 ) (-336 4656 -48 ) (-336 4128 -48 ) (-336 4128 0 ) 
4 51 (-496 4128 0 ) (-496 4128 -48 ) (-352 4128 -48 ) (-352 4128 0 ) 
4 51 (-352 4128 0 ) (-352 4128 -48 ) (-352 4656 -48 ) (-352 4656 0 ) 
4 51 (-496 4656 0 ) (-352 4656 0 ) (-352 4656 -48 ) (-496 4656 -48 ) 
4 51 (-496 4128 -48 ) (-496 4656 -48 ) (-352 4656 -48 ) (-352 4128 -48 ) 
4 51 (-496 4656 0 ) (-496 4656 -48 ) (-496 4128 -48 ) (-496 4128 0 ) 
4 52 (0 4096 -48 ) (-336 4096 -48 ) (-336 4112 -48 ) (0 4112 -48 ) 
4 52 (-336 4112 0 ) (0 4112 0 ) (0 4112 -48 ) (-336 4112 -48 ) 
4 52 (-336 4112 0 ) (-336 4112 -48 ) (-336 4096 -48 ) (-336 4096 0 ) 
4 53 (-496 4112 -48 ) (-496 4096 -48 ) (-496 4096 0 ) (-496 4112 0 ) 
4 53 (-352 4096 -48 ) (-496 4096 -48 ) (-496 4112 -48 ) (-352 4112 -48 ) 
4 53 (-352 4112 0 ) (-352 4096 0 ) (-352 4096 -48 ) (-352 4112 -48 ) 
4 53 (-352 4112 0 ) (-352 4112 -48 ) (-496 4112 -48 ) (-496 4112 0 ) 
4 54 (-496 4096 1328 ) (-496 4096 1024 ) (-496 3072 1024 ) (-496 3072 1328 ) 
4 54 (0 4096 1328 ) (-496 4096 1328 ) (-496 3072 1328 ) (0 3072 1328 ) 
4 55 (-336 3072 176 ) (-352 3072 176 ) (-352 4096 176 ) (-336 4096 176 ) 
4 56 (-336 4096 0 ) (-336 3072 0 ) (-336 3072 176 ) (-336 4096 176 ) 
4 57 (-352 4096 176 ) (-352 3072 176 ) (-352 3072 0 ) (-352 4096 0 ) 
4 57 (-496 4096 0 ) (-496 3072 0 ) (-496 3072 1024 ) (-496 4096 1024 ) 
4 58 (0 3072 -48 ) (-336 3072 -48 ) (-336 4096 -48 ) (0 4096 -48 ) 
4 58 (-336 4096 -48 ) (-336 3072 -48 ) (-336 3072 0 ) (-336 4096 0 ) 
4 59 (-352 4096 0 ) (-352 3072 0 ) (-352 3072 -48 ) (-352 4096 -48 ) 
4 59 (-496 4096 -48 ) (-496 3072 -48 ) (-496 3072 0 ) (-496 4096 0 ) 
4 59 (-352 3072 -48 ) (-496 3072 -48 ) (-496 4096 -48 ) (-352 4096 -48 ) 
4 60 (0 3072 1328 ) (-496 3072 1328 ) (-496 2048 1328 ) (0 2048 1328 ) 
4 60 (-496 3072 1024 ) (-496 2048 1024 ) (-496 2048 1328 ) (-496 3072 1328 ) 
4 61 (-336 2048 176 ) (-352 2048 176 ) (-352 3072 176 ) (-336 3072 176 ) 
4 62 (-336 3072 0 ) (-336 2048 0 ) (-336 2048 176 ) (-336 3072 176 ) 
4 63 (-352 3072 176 ) (-352 2048 176 ) (-352 2048 0 ) (-352 3072 0 ) 
4 63 (-496 3072 0 ) (-496 2048 0 ) (-496 2048 1024 ) (-496 3072 1024 ) 
4 64 (0 2048 -48 ) (-336 2048 -48 ) (-336 3072 -48 ) (0 3072 -48 ) 
4 64 (-336 3072 -48 ) (-336 2048 -48 ) (-336 2048 0 ) (-336 3072 0 ) 
4 65 (-352 2048 -48 ) (-496 2048 -48 ) (-496 3072 -48 ) (-352 3072 -48 ) 
4 65 (-352 3072 0 ) (-352 2048 0 ) (-352 2048 -48 ) (-352 3072 -48 ) 
4 65 (-496 3072 -48 ) (-496 2048 -48 ) (-496 2048 0 ) (-496 3072 0 ) 
4 66 (-496 2048 1328 ) (-496 2048 1024 ) (-496 1024 1024 ) (-496 1024 1328 ) 
4 66 (0 2048 1328 ) (-496 2048 1328 ) (-496 1024 1328 ) (0 1024 1328 ) 
4 67 (-336 1024 176 ) (-352 1024 176 ) (-352 2048 176 ) (-336 2048 176 ) 
4 68 (-336 2048 0 ) (-336 1024 0 ) (-336 1024 176 ) (-336 2048 176 ) 
4 69 (-352 2048 176 ) (-352 1024 176 ) (-352 1024 0 ) (-352 2048 0 ) 
4 69 (-496 2048 0 ) (-496 1024 0 ) (-496 1024 1024 ) (-496 2048 1024 ) 
4 70 (0 1024 -48 ) (-336 1024 -48 ) (-336 2048 -48 ) (0 2048 -48 ) 
4 70 (-336 2048 -48 ) (-336 1024 -48 ) (-336 1024 0 ) (-336 2048 0 ) 
4 71 (-352 2048 0 ) (-352 1024 0 ) (-352 1024 -48 ) (-352 2048 -48 ) 
4 71 (-496 2048 -48 ) (-496 1024 -48 ) (-496 1024 0 ) (-496 2048 0 ) 
4 71 (-352 1024 -48 ) (-496 1024 -48 ) (-496 2048 -48 ) (-352 2048 -48 ) 
4 72 (0 1024 1328 ) (-496 1024 1328 ) (-496 0 1328 ) (0 0 1328 ) 
4 72 (-496 1024 1024 ) (-496 0 1024 ) (-496 0 1328 ) (-496 1024 1328 ) 
4 73 (-496 272 176 ) (-496 288 176 ) (-352 288 176 ) (-352 272 176 ) 
4 73 (-336 0 176 ) (-352 0 176 ) (-352 272 176 ) (-336 272 176 ) 
4 73 (-352 272 176 ) (-352 288 176 ) (-336 288 176 ) (-336 272 176 ) 
4 73 (-336 272 176 ) (-336 288 176 ) (0 288 176 ) (0 272 176 ) 
4 73 (-352 288 176 ) (-352 1024 176 ) (-336 1024 176 ) (-336 288 176 ) 
4 73 (-496 1024 176 ) (-496 0 176 ) (-496 0 1024 ) (-496 1024 1024 ) 
4 74 (-336 288 0 ) (0 288 0 ) (0 288 176 ) (-336 288 176 ) 
4 74 (-336 1024 0 ) (-336 288 0 ) (-336 288 176 ) (-336 1024 176 ) 
4 75 (-336 272 0 ) (-336 0 0 ) (-336 0 176 ) (-336 272 176 ) 
4 75 (0 272 176 ) (0 272 0 ) (-336 272 0 ) (-336 272 176 ) 
4 76 (-496 288 176 ) (-496 288 0 ) (-352 288 0 ) (-352 288 176 ) 
4 76 (-496 1024 0 ) (-496 288 0 ) (-496 288 176 ) (-496 1024 176 ) 
4 76 (-352 1024 176 ) (-352 288 176 ) (-352 288 0 ) (-352 1024 0 ) 
4 77 (-352 272 176 ) (-352 0 176 ) (-352 0 0 ) (-352 272 0 ) 
4 77 (-496 272 0 ) (-496 0 0 ) (-496 0 176 ) (-496 272 176 ) 
4 77 (-352 272 176 ) (-352 272 0 ) (-496 272 0 ) (-496 272 176 ) 
4 78 (-336 288 -48 ) (0 288 -48 ) (0 288 0 ) (-336 288 0 ) 
4 78 (-336 1024 -48 ) (0 1024 -48 ) (0 288 -48 ) (-336 288 -48 ) 
4 78 (-336 1024 -48 ) (-336 288 -48 ) (-336 288 0 ) (-336 1024 0 ) 
4 79 (-496 288 0 ) (-496 288 -48 ) (-352 288 -48 ) (-352 288 0 ) 
4 79 (-352 1024 0 ) (-352 288 0 ) (-352 288 -48 ) (-352 1024 -48 ) 
4 79 (-496 288 -48 ) (-496 1024 -48 ) (-352 1024 -48 ) (-352 288 -48 ) 
4 79 (-496 1024 -48 ) (-496 288 -48 ) (-496 288 0 ) (-496 1024 0 ) 
4 80 (0 0 -48 ) (-336 0 -48 ) (-336 272 -48 ) (0 272 -48 ) 
4 80 (-336 272 0 ) (0 272 0 ) (0 272 -48 ) (-336 272 -48 ) 
4 80 (-336 272 0 ) (-336 272 -48 ) (-336 0 -48 ) (-336 0 0 ) 
4 81 (-496 272 -48 ) (-496 0 -48 ) (-496 0 0 ) (-496 272 0 ) 
4 81 (-352 0 -48 ) (-496 0 -48 ) (-496 272 -48 ) (-352 272 -48 ) 
4 81 (-352 272 0 ) (-352 0 0 ) (-352 0 -48 ) (-352 272 -48 ) 
4 81 (-352 272 0 ) (-352 272 -48 ) (-496 272 -48 ) (-496 272 0 ) 
4 82 (0 0 1328 ) (-496 0 1328 ) (-496 -192 1328 ) (0 -192 1328 ) 
4 82 (-496 -192 1024 ) (0 -192 1024 ) (0 -192 1328 ) (-496 -192 1328 ) 
4 82 (-496 0 1024 ) (-496 -192 1024 ) (-496 -192 1328 ) (-496 0 1328 ) 
4 83 (-336 -192 176 ) (-352 -192 176 ) (-352 0 176 ) (-336 0 176 ) 
4 83 (0 -192 176 ) (0 -192 1024 ) (-352 -192 1024 ) (-352 -192 176 ) 
4 84 (-336 -192 0 ) (0 -192 0 ) (0 -192 176 ) (-336 -192 176 ) 
4 84 (-336 0 0 ) (-336 -192 0 ) (-336 -192 176 ) (-336 0 176 ) 
4 85 (-496 -192 0 ) (-352 -192 0 ) (-352 -192 1024 ) (-496 -192 1024 ) 
4 85 (-352 0 176 ) (-352 -192 176 ) (-352 -192 0 ) (-352 0 0 ) 
4 85 (-496 0 0 ) (-496 -192 0 ) (-496 -192 1024 ) (-496 0 1024 ) 
4 86 (-336 0 -48 ) (0 0 -48 ) (0 -192 -48 ) (-336 -192 -48 ) 
4 86 (-336 -192 -48 ) (0 -192 -48 ) (0 -192 0 ) (-336 -192 0 ) 
4 86 (-336 0 -48 ) (-336 -192 -48 ) (-336 -192 0 ) (-336 0 0 ) 
4 87 (-496 0 -48 ) (-352 0 -48 ) (-352 -192 -48 ) (-496 -192 -48 ) 
4 87 (-496 -192 -48 ) (-352 -192 -48 ) (-352 -192 0 ) (-496 -192 0 ) 
4 87 (-352 0 0 ) (-352 -192 0 ) (-352 -192 -48 ) (-352 0 -48 ) 
4 87 (-496 0 -48 ) (-496 -192 -48 ) (-496 -192 0 ) (-496 0 0 ) 
