PRT1
14
21
50
4 0 7 0 (0 608 80 ) (0 608 0 ) (0 192 0 ) (0 192 80 ) 
4 0 2 0 (0 192 0 ) (0 608 0 ) (160 608 0 ) (160 192 0 ) 
4 1 8 0 (0 0 0 ) (0 0 80 ) (0 176 80 ) (0 176 0 ) 
4 1 5 0 (0 0 80 ) (0 0 0 ) (160 0 0 ) (160 0 80 ) 
4 1 4 0 (160 0 0 ) (0 0 0 ) (0 176 0 ) (160 176 0 ) 
4 2 9 0 (0 192 0 ) (0 608 0 ) (0 608 -272 ) (0 192 -272 ) 
4 2 3 0 (0 192 -272 ) (48 192 -272 ) (48 192 -144 ) (0 192 -144 ) 
4 3 10 0 (0 192 -144 ) (0 192 -272 ) (0 176 -272 ) (0 176 -144 ) 
4 3 4 0 (0 176 -272 ) (48 176 -272 ) (48 176 -144 ) (0 176 -144 ) 
4 4 11 0 (0 0 -272 ) (0 0 0 ) (0 176 0 ) (0 176 -272 ) 
4 4 6 0 (0 0 0 ) (0 0 -272 ) (160 0 -272 ) (160 0 0 ) 
4 5 12 0 (0 0 80 ) (0 0 0 ) (0 -240 0 ) (0 -240 80 ) 
4 5 6 0 (0 -240 0 ) (0 0 0 ) (160 0 0 ) (160 -240 0 ) 
4 6 13 0 (0 -240 -272 ) (0 -240 0 ) (0 0 0 ) (0 0 -272 ) 
4 7 9 0 (-192 608 0 ) (0 608 0 ) (0 192 0 ) (-192 192 0 ) 
4 8 12 0 (-192 0 0 ) (0 0 0 ) (0 0 80 ) (-192 0 80 ) 
4 8 11 0 (0 0 0 ) (-192 0 0 ) (-192 176 0 ) (0 176 0 ) 
4 9 10 0 (-80 192 -272 ) (0 192 -272 ) (0 192 -144 ) (-80 192 -144 ) 
4 10 11 0 (-80 176 -272 ) (0 176 -272 ) (0 176 -144 ) (-80 176 -144 ) 
4 11 13 0 (-192 0 -272 ) (0 0 -272 ) (0 0 0 ) (-192 0 0 ) 
4 12 13 0 (-192 0 0 ) (0 0 0 ) (0 -240 0 ) (-192 -240 0 ) 
4 0 (160 192 80 ) (160 192 0 ) (160 608 0 ) (160 608 80 ) 
4 0 (0 192 80 ) (0 192 0 ) (160 192 0 ) (160 192 80 ) 
4 0 (160 608 80 ) (160 608 0 ) (0 608 0 ) (0 608 80 ) 
4 0 (0 192 80 ) (160 192 80 ) (160 608 80 ) (0 608 80 ) 
4 1 (160 0 80 ) (160 0 0 ) (160 176 0 ) (160 176 80 ) 
4 1 (160 176 80 ) (160 176 0 ) (0 176 0 ) (0 176 80 ) 
4 1 (0 0 80 ) (160 0 80 ) (160 176 80 ) (0 176 80 ) 
4 2 (48 192 -272 ) (160 192 -272 ) (160 192 -144 ) (48 192 -144 ) 
4 2 (160 192 -144 ) (160 192 0 ) (0 192 0 ) (0 192 -144 ) 
4 2 (160 608 0 ) (160 192 0 ) (160 192 -272 ) (160 608 -272 ) 
4 2 (0 192 -272 ) (0 608 -272 ) (160 608 -272 ) (160 192 -272 ) 
4 2 (0 608 0 ) (160 608 0 ) (160 608 -272 ) (0 608 -272 ) 
4 3 (48 192 -144 ) (0 192 -144 ) (0 176 -144 ) (48 176 -144 ) 
4 3 (0 176 -272 ) (0 192 -272 ) (48 192 -272 ) (48 176 -272 ) 
4 3 (48 192 -272 ) (48 192 -144 ) (48 176 -144 ) (48 176 -272 ) 
4 4 (48 176 -144 ) (160 176 -144 ) (160 176 -272 ) (48 176 -272 ) 
4 4 (0 176 -144 ) (0 176 0 ) (160 176 0 ) (160 176 -144 ) 
4 4 (160 176 0 ) (160 0 0 ) (160 0 -272 ) (160 176 -272 ) 
4 4 (160 0 -272 ) (0 0 -272 ) (0 176 -272 ) (160 176 -272 ) 
4 5 (160 -240 80 ) (160 -240 0 ) (160 0 0 ) (160 0 80 ) 
4 5 (0 -240 80 ) (0 -240 0 ) (160 -240 0 ) (160 -240 80 ) 
4 5 (0 -240 80 ) (160 -240 80 ) (160 0 80 ) (0 0 80 ) 
4 6 (160 0 -272 ) (160 0 0 ) (160 -240 0 ) (160 -240 -272 ) 
4 6 (160 -240 0 ) (0 -240 0 ) (0 -240 -272 ) (160 -240 -272 ) 
4 6 (0 0 -272 ) (160 0 -272 ) (160 -240 -272 ) (0 -240 -272 ) 
4 7 (-192 608 80 ) (-192 608 0 ) (-192 192 0 ) (-192 192 80 ) 
4 7 (-192 192 0 ) (0 192 0 ) (0 192 80 ) (-192 192 80 ) 
4 7 (-192 608 80 ) (0 608 80 ) (0 608 0 ) (-192 608 0 ) 
4 7 (0 608 80 ) (-192 608 80 ) (-192 192 80 ) (0 192 80 ) 
4 8 (-192 176 80 ) (-192 176 0 ) (-192 0 0 ) (-192 0 80 ) 
4 8 (-192 176 80 ) (0 176 80 ) (0 176 0 ) (-192 176 0 ) 
4 8 (0 176 80 ) (-192 176 80 ) (-192 0 80 ) (0 0 80 ) 
4 9 (-192 192 -144 ) (-192 192 -272 ) (-80 192 -272 ) (-80 192 -144 ) 
4 9 (-192 192 0 ) (-192 192 -144 ) (0 192 -144 ) (0 192 0 ) 
4 9 (-192 608 -272 ) (-192 192 -272 ) (-192 192 0 ) (-192 608 0 ) 
4 9 (-192 192 -272 ) (-192 608 -272 ) (0 608 -272 ) (0 192 -272 ) 
4 9 (0 608 0 ) (0 608 -272 ) (-192 608 -272 ) (-192 608 0 ) 
4 10 (0 192 -144 ) (-80 192 -144 ) (-80 176 -144 ) (0 176 -144 ) 
4 10 (-80 192 -272 ) (0 192 -272 ) (0 176 -272 ) (-80 176 -272 ) 
4 10 (-80 176 -272 ) (-80 176 -144 ) (-80 192 -144 ) (-80 192 -272 ) 
4 11 (-80 176 -144 ) (-80 176 -272 ) (-192 176 -272 ) (-192 176 -144 ) 
4 11 (0 176 0 ) (0 176 -144 ) (-192 176 -144 ) (-192 176 0 ) 
4 11 (-192 176 -272 ) (-192 0 -272 ) (-192 0 0 ) (-192 176 0 ) 
4 11 (0 0 -272 ) (-192 0 -272 ) (-192 176 -272 ) (0 176 -272 ) 
4 12 (-192 0 80 ) (-192 0 0 ) (-192 -240 0 ) (-192 -240 80 ) 
4 12 (-192 -240 0 ) (0 -240 0 ) (0 -240 80 ) (-192 -240 80 ) 
4 12 (0 0 80 ) (-192 0 80 ) (-192 -240 80 ) (0 -240 80 ) 
4 13 (-192 -240 -272 ) (-192 -240 0 ) (-192 0 0 ) (-192 0 -272 ) 
4 13 (0 -240 -272 ) (0 -240 0 ) (-192 -240 0 ) (-192 -240 -272 ) 
4 13 (0 -240 -272 ) (-192 -240 -272 ) (-192 0 -272 ) (0 0 -272 ) 
